Thu Jul  7 11:53:11 PDT 2016
error: Cannot pull with rebase: You have unstaged changes.
Thu Jul  7 12:01:09 PDT 2016
Thu Jul  7 12:01:50 PDT 2016
error: Cannot pull with rebase: You have unstaged changes.
topology-common: Merge conflict
Thu Jul  7 12:06:57 PDT 2016
Thu Jul  7 12:08:41 PDT 2016

Warning, treated as error:
/ws/jimemarc/docu/hpe-topology-common/doc/writing_docstrings.rst:199: SEVERE: Unexpected section title.

Note
~~~~

Sphinx build failed

Thu Jul  7 12:40:26 PDT 2016
/ws/jimemarc/docu/hpe-topology-common/doc/writing_docstrings.rst:199: SEVERE: Unexpected section title.

Note
~~~~
/ws/jimemarc/docu/hpe-topology-common/doc/writing_docstrings.rst:205: SEVERE: Unexpected section title.

Tips
~~~~
Documentation created

Thu Jul  7 13:53:25 PDT 2016
/ws/jimemarc/docu/hpe-topology-common/doc/writing_docstrings.rst:199: SEVERE: Unexpected section title.

Note
~~~~
/ws/jimemarc/docu/hpe-topology-common/doc/writing_docstrings.rst:205: SEVERE: Unexpected section title.

Tips
~~~~
Documentation created

Thu Jul  7 13:59:05 PDT 2016
/ws/jimemarc/docu/hpe-topology-common/doc/writing_docstrings.rst:199: SEVERE: Unexpected section title.

Note
~~~~
/ws/jimemarc/docu/hpe-topology-common/doc/writing_docstrings.rst:205: SEVERE: Unexpected section title.

Tips
~~~~
Documentation created

Thu Jul  7 14:02:22 PDT 2016
/ws/jimemarc/docu/hpe-topology-common/doc/writing_docstrings.rst:199: SEVERE: Unexpected section title.

Note
~~~~
/ws/jimemarc/docu/hpe-topology-common/doc/writing_docstrings.rst:205: SEVERE: Unexpected section title.

Tips
~~~~
Documentation created

Thu Jul  7 14:05:43 PDT 2016
/ws/jimemarc/docu/hpe-topology-common/doc/writing_docstrings.rst:199: SEVERE: Unexpected section title.

Note
~~~~
/ws/jimemarc/docu/hpe-topology-common/doc/writing_docstrings.rst:205: SEVERE: Unexpected section title.

Tips
~~~~
Documentation created

Thu Jul  7 14:10:38 PDT 2016
/ws/jimemarc/doc3/hpe-topology-common/doc/writing_docstrings.rst:199: SEVERE: Unexpected section title.

Note
~~~~
/ws/jimemarc/doc3/hpe-topology-common/doc/writing_docstrings.rst:205: SEVERE: Unexpected section title.

Tips
~~~~
Documentation created

Thu Jul  7 14:38:06 PDT 2016
/ws/jimemarc/doc3/hpe-topology-common/doc/writing_docstrings.rst:199: SEVERE: Unexpected section title.

Note
~~~~
/ws/jimemarc/doc3/hpe-topology-common/doc/writing_docstrings.rst:205: SEVERE: Unexpected section title.

Tips
~~~~
Documentation created

Thu Jul  7 14:47:11 PDT 2016
/ws/jimemarc/doc3/hpe-topology-common/doc/writing_docstrings.rst:199: SEVERE: Unexpected section title.

Note
~~~~
/ws/jimemarc/doc3/hpe-topology-common/doc/writing_docstrings.rst:205: SEVERE: Unexpected section title.

Tips
~~~~
Documentation created

Thu Jul  7 14:53:09 PDT 2016

interrupted!
Sphinx build failed

Thu Jul  7 14:57:23 PDT 2016
/ws/jimemarc/doc3/hpe-topology-common/doc/writing_docstrings.rst:199: SEVERE: Unexpected section title.

Note
~~~~
/ws/jimemarc/doc3/hpe-topology-common/doc/writing_docstrings.rst:205: SEVERE: Unexpected section title.

Tips
~~~~
Documentation created

